2024-01-21 15:55:30,205 [INFO   ] SensorIdTool v000.001.001
2024-01-21 15:55:30,206 [INFO   ] Settings comment: Theta Monitor App
2024-01-21 15:55:30,206 [INFO   ] working dir is: 'data'
2024-01-21 15:55:30,206 [INFO   ] logLevel is: 'verbose'
2024-01-21 15:55:30,206 [ERROR  ] Given file does not exist: $INPUT/ID_Table.txt
2024-01-21 15:56:52,638 [INFO   ] SensorIdTool v000.001.001
2024-01-21 15:56:52,638 [INFO   ] Settings comment: Theta Monitor App
2024-01-21 15:56:52,638 [INFO   ] working dir is: 'data'
2024-01-21 15:56:52,639 [INFO   ] logLevel is: 'verbose'
2024-01-21 15:56:52,640 [ERROR  ] unrecognized sensor-type [0, 2]/[temp, hum, pres] in line 30
2024-01-21 15:56:52,640 [ERROR  ] unrecognized sensor-type [0, 2]/[temp, hum, pres] in line 35
2024-01-21 15:56:52,640 [ERROR  ] unrecognized sensor-type [0, 2]/[temp, hum, pres] in line 40
2024-01-21 15:56:52,642 [INFO   ] ID Table parsed.
2024-01-21 15:58:05,908 [INFO   ] SensorIdTool v000.001.001
2024-01-21 15:58:05,908 [INFO   ] Settings comment: Theta Monitor App
2024-01-21 15:58:05,908 [INFO   ] working dir is: 'data'
2024-01-21 15:58:05,909 [INFO   ] logLevel is: 'verbose'
2024-01-21 15:58:05,910 [ERROR  ] unrecognized sensor-type [0, 2]/[temp, hum, pres] in line 30
2024-01-21 15:58:05,910 [ERROR  ] unrecognized sensor-type [0, 2]/[temp, hum, pres] in line 35
2024-01-21 15:58:05,911 [ERROR  ] unrecognized sensor-type [0, 2]/[temp, hum, pres] in line 40
2024-01-21 15:58:05,912 [INFO   ] ID Table parsed.
2024-01-21 16:00:12,202 [INFO   ] SensorIdTool v000.001.001
2024-01-21 16:00:12,202 [INFO   ] Settings comment: Theta Monitor App
2024-01-21 16:00:12,202 [INFO   ] working dir is: 'data'
2024-01-21 16:00:12,202 [INFO   ] logLevel is: 'verbose'
2024-01-21 16:02:16,030 [ERROR  ] unrecognized sensor-type [0, 2]/[temp, hum, pres] in line 30
2024-01-21 16:03:21,083 [ERROR  ] unrecognized sensor-type [0, 2]/[temp, hum, pres] in line 35
2024-01-21 16:53:09,239 [INFO   ] SensorIdTool v000.001.001
2024-01-21 16:53:09,239 [INFO   ] Settings comment: Theta Monitor App
2024-01-21 16:53:09,239 [INFO   ] working dir is: 'data'
2024-01-21 16:53:09,239 [INFO   ] logLevel is: 'verbose'
2024-01-21 16:53:09,239 [ERROR  ] min_value out of range in line 31
2024-01-21 16:53:09,239 [ERROR  ] max_value out of range in line 31
2024-01-21 16:53:09,240 [ERROR  ] min_value out of range in line 36
2024-01-21 16:53:09,240 [ERROR  ] max_value out of range in line 36
2024-01-21 16:53:09,240 [ERROR  ] min_value out of range in line 41
2024-01-21 16:53:09,240 [ERROR  ] max_value out of range in line 41
2024-01-21 16:53:09,240 [INFO   ] ID Table parsed.
2024-01-21 16:55:09,998 [INFO   ] SensorIdTool v000.001.001
2024-01-21 16:55:09,998 [INFO   ] Settings comment: Theta Monitor App
2024-01-21 16:55:09,998 [INFO   ] working dir is: 'data'
2024-01-21 16:55:09,998 [INFO   ] logLevel is: 'verbose'
2024-01-21 16:55:09,999 [ERROR  ] min_value out of range in line 31
2024-01-21 16:55:09,999 [ERROR  ] max_value out of range in line 31
2024-01-21 16:55:09,999 [ERROR  ] min_value out of range in line 36
2024-01-21 16:55:09,999 [ERROR  ] max_value out of range in line 36
2024-01-21 16:55:09,999 [ERROR  ] min_value out of range in line 41
2024-01-21 16:55:09,999 [ERROR  ] max_value out of range in line 41
2024-01-21 16:55:10,000 [INFO   ] ID Table parsed.
2024-01-21 16:55:37,932 [INFO   ] SensorIdTool v000.001.001
2024-01-21 16:55:37,932 [INFO   ] Settings comment: Theta Monitor App
2024-01-21 16:55:37,932 [INFO   ] working dir is: 'data'
2024-01-21 16:55:37,932 [INFO   ] logLevel is: 'verbose'
2024-01-21 16:55:37,933 [INFO   ] ID Table parsed.
2024-01-21 16:56:15,048 [INFO   ] SensorIdTool v000.001.001
2024-01-21 16:56:15,048 [INFO   ] Settings comment: Theta Monitor App
2024-01-21 16:56:15,048 [INFO   ] working dir is: 'data'
2024-01-21 16:56:15,048 [INFO   ] logLevel is: 'verbose'
2024-01-21 16:56:15,050 [INFO   ] ID Table parsed.
2024-01-21 16:58:35,148 [INFO   ] SensorIdTool v000.001.001
2024-01-21 16:58:35,148 [INFO   ] Settings comment: Theta Monitor App
2024-01-21 16:58:35,148 [INFO   ] working dir is: 'data'
2024-01-21 16:58:35,148 [INFO   ] logLevel is: 'verbose'
2024-01-21 16:58:35,151 [INFO   ] ID Table parsed.
2024-01-21 16:59:40,455 [INFO   ] SensorIdTool v000.001.001
2024-01-21 16:59:40,456 [INFO   ] Settings comment: Theta Monitor App
2024-01-21 16:59:40,456 [INFO   ] working dir is: 'data'
2024-01-21 16:59:40,456 [INFO   ] logLevel is: 'verbose'
2024-01-21 16:59:40,457 [INFO   ] ID Table parsed.
2024-01-21 17:01:08,088 [INFO   ] SensorIdTool v000.001.001
2024-01-21 17:01:08,088 [INFO   ] Settings comment: Theta Monitor App
2024-01-21 17:01:08,088 [INFO   ] working dir is: 'data'
2024-01-21 17:01:08,089 [INFO   ] logLevel is: 'verbose'
2024-01-21 17:01:08,090 [INFO   ] ID Table parsed.
2024-01-21 17:02:14,930 [INFO   ] SensorIdTool v000.001.001
2024-01-21 17:02:14,930 [INFO   ] Settings comment: Theta Monitor App
2024-01-21 17:02:14,930 [INFO   ] working dir is: 'data'
2024-01-21 17:02:14,930 [INFO   ] logLevel is: 'verbose'
2024-01-21 17:02:21,363 [INFO   ] ID Table parsed.
2024-01-21 17:03:42,563 [INFO   ] SensorIdTool v000.001.001
2024-01-21 17:03:42,564 [INFO   ] Settings comment: Theta Monitor App
2024-01-21 17:03:42,564 [INFO   ] working dir is: 'data'
2024-01-21 17:03:42,564 [INFO   ] logLevel is: 'verbose'
2024-01-21 17:03:42,566 [INFO   ] ID Table parsed.
2024-01-21 17:04:19,412 [INFO   ] SensorIdTool v000.001.001
2024-01-21 17:04:19,412 [INFO   ] Settings comment: Theta Monitor App
2024-01-21 17:04:19,412 [INFO   ] working dir is: 'data'
2024-01-21 17:04:19,413 [INFO   ] logLevel is: 'verbose'
2024-01-21 17:04:19,414 [ERROR  ] shortname too long [max 8] in line 71
2024-01-21 17:04:19,414 [INFO   ] ID Table parsed.
2024-01-21 17:04:39,694 [INFO   ] SensorIdTool v000.001.001
2024-01-21 17:04:39,694 [INFO   ] Settings comment: Theta Monitor App
2024-01-21 17:04:39,694 [INFO   ] working dir is: 'data'
2024-01-21 17:04:39,694 [INFO   ] logLevel is: 'verbose'
2024-01-21 17:04:39,695 [INFO   ] ID Table parsed.
2024-01-21 17:09:00,430 [INFO   ] SensorIdTool v000.001.001
2024-01-21 17:09:00,431 [INFO   ] Settings comment: Theta Monitor App
2024-01-21 17:09:00,431 [INFO   ] working dir is: 'data'
2024-01-21 17:09:00,431 [INFO   ] logLevel is: 'verbose'
2024-01-21 17:09:00,432 [INFO   ] ID Table parsed.
2024-01-21 18:35:55,161 [INFO   ] SensorIdTool v000.001.001
2024-01-21 18:35:55,161 [INFO   ] Settings comment: Theta Monitor App
2024-01-21 18:35:55,161 [INFO   ] working dir is: 'data'
2024-01-21 18:35:55,161 [INFO   ] logLevel is: 'verbose'
2024-01-21 18:37:29,970 [INFO   ] SensorIdTool v000.001.001
2024-01-21 18:37:29,971 [INFO   ] Settings comment: Theta Monitor App
2024-01-21 18:37:29,971 [INFO   ] working dir is: 'data'
2024-01-21 18:37:29,971 [INFO   ] logLevel is: 'verbose'
2024-01-21 18:38:31,066 [INFO   ] SensorIdTool v000.001.001
2024-01-21 18:38:31,067 [INFO   ] Settings comment: Theta Monitor App
2024-01-21 18:38:31,067 [INFO   ] working dir is: 'data'
2024-01-21 18:38:31,067 [INFO   ] logLevel is: 'verbose'
2024-01-21 18:38:45,849 [INFO   ] SensorIdTool v000.001.001
2024-01-21 18:38:45,850 [INFO   ] Settings comment: Theta Monitor App
2024-01-21 18:38:45,850 [INFO   ] working dir is: 'data'
2024-01-21 18:38:45,850 [INFO   ] logLevel is: 'verbose'
2024-01-21 18:39:03,789 [INFO   ] SensorIdTool v000.001.001
2024-01-21 18:39:03,790 [INFO   ] Settings comment: Theta Monitor App
2024-01-21 18:39:03,790 [INFO   ] working dir is: 'data'
2024-01-21 18:39:03,790 [INFO   ] logLevel is: 'verbose'
2024-01-21 18:40:45,625 [INFO   ] SensorIdTool v000.001.001
2024-01-21 18:40:45,625 [INFO   ] Settings comment: Theta Monitor App
2024-01-21 18:40:45,625 [INFO   ] working dir is: 'data'
2024-01-21 18:40:45,626 [INFO   ] logLevel is: 'verbose'
2024-01-21 18:41:23,571 [INFO   ] ID Table parsed.
2024-01-21 18:43:02,799 [INFO   ] SensorIdTool v000.001.001
2024-01-21 18:43:02,799 [INFO   ] Settings comment: Theta Monitor App
2024-01-21 18:43:02,799 [INFO   ] working dir is: 'data'
2024-01-21 18:43:02,799 [INFO   ] logLevel is: 'verbose'
2024-01-21 18:43:02,800 [INFO   ] ID Table parsed.
2024-01-21 18:45:06,010 [INFO   ] SensorIdTool v000.001.001
2024-01-21 18:45:06,010 [INFO   ] Settings comment: Theta Monitor App
2024-01-21 18:45:06,010 [INFO   ] working dir is: 'data'
2024-01-21 18:45:06,010 [INFO   ] logLevel is: 'verbose'
2024-01-21 18:46:02,223 [INFO   ] SensorIdTool v000.001.001
2024-01-21 18:46:02,223 [INFO   ] Settings comment: Theta Monitor App
2024-01-21 18:46:02,223 [INFO   ] working dir is: 'data'
2024-01-21 18:46:02,223 [INFO   ] logLevel is: 'verbose'
2024-01-21 18:47:36,995 [INFO   ] ID Table parsed.
2024-01-21 18:47:54,250 [INFO   ] SensorIdTool v000.001.001
2024-01-21 18:47:54,250 [INFO   ] Settings comment: Theta Monitor App
2024-01-21 18:47:54,250 [INFO   ] working dir is: 'data'
2024-01-21 18:47:54,251 [INFO   ] logLevel is: 'verbose'
2024-01-21 18:49:06,629 [INFO   ] ID Table parsed.
2024-01-21 18:58:43,353 [INFO   ] SensorIdTool v000.001.001
2024-01-21 18:58:43,353 [INFO   ] Settings comment: Theta Monitor App
2024-01-21 18:58:43,353 [INFO   ] working dir is: 'data'
2024-01-21 18:58:43,354 [INFO   ] logLevel is: 'verbose'
2024-01-21 18:58:43,356 [INFO   ] ID Table parsed.
2024-01-21 19:01:44,394 [INFO   ] SensorIdTool v000.001.001
2024-01-21 19:01:44,394 [INFO   ] Settings comment: Theta Monitor App
2024-01-21 19:01:44,394 [INFO   ] working dir is: 'data'
2024-01-21 19:01:44,394 [INFO   ] logLevel is: 'verbose'
2024-01-21 19:01:44,395 [INFO   ] ID Table parsed.
2024-01-21 19:01:51,655 [INFO   ] SensorIdTool v000.001.001
2024-01-21 19:01:51,655 [INFO   ] Settings comment: Theta Monitor App
2024-01-21 19:01:51,655 [INFO   ] working dir is: 'data'
2024-01-21 19:01:51,655 [INFO   ] logLevel is: 'verbose'
2024-01-21 19:01:51,656 [INFO   ] ID Table parsed.
2024-01-21 19:08:33,247 [INFO   ] SensorIdTool v000.001.001
2024-01-21 19:08:33,247 [INFO   ] Settings comment: Theta Monitor App
2024-01-21 19:08:33,247 [INFO   ] working dir is: 'data'
2024-01-21 19:08:33,247 [INFO   ] logLevel is: 'verbose'
2024-01-21 19:08:33,248 [INFO   ] ID Table parsed.
2024-01-21 19:08:44,729 [INFO   ] SensorIdTool v000.001.001
2024-01-21 19:08:44,729 [INFO   ] Settings comment: Theta Monitor App
2024-01-21 19:08:44,729 [INFO   ] working dir is: 'data'
2024-01-21 19:08:44,729 [INFO   ] logLevel is: 'verbose'
2024-01-21 19:08:44,730 [INFO   ] ID Table parsed.
2024-01-21 19:15:44,839 [INFO   ] SensorIdTool v000.001.001
2024-01-21 19:15:44,839 [INFO   ] Settings comment: Theta Monitor App
2024-01-21 19:15:44,839 [INFO   ] working dir is: 'data'
2024-01-21 19:15:44,839 [INFO   ] logLevel is: 'verbose'
2024-01-21 19:15:44,840 [INFO   ] ID Table parsed.
2024-01-21 19:28:07,954 [INFO   ] SensorIdTool v000.001.001
2024-01-21 19:28:07,954 [INFO   ] Settings comment: Theta Monitor App
2024-01-21 19:28:07,954 [INFO   ] working dir is: 'data'
2024-01-21 19:28:07,954 [INFO   ] logLevel is: 'verbose'
2024-01-21 19:28:07,955 [INFO   ] ID Table parsed.
